<?xml version="1.0" encoding="UTF-8"?>
<testsuite xmlns:xsi="http://www.w3.org/2001/XMLSchema-instance" xsi:noNamespaceSchemaLocation="https://maven.apache.org/surefire/maven-surefire-plugin/xsd/surefire-test-report-3.0.xsd" version="3.0" name="com.lib.library_management_react.controller.RentalControllerTest" time="0.126" tests="9" errors="0" skipped="0" failures="0">
  <properties>
[...]
</properties>
  <testcase name="testPostRentalBookAlreadyRented" classname="com.lib.library_management_react.controller.RentalControllerTest" time="0.007"/>
  <testcase name="testFindAll" classname="com.lib.library_management_react.controller.RentalControllerTest" time="0.002"/>
  <testcase name="testCheckOverdue" classname="com.lib.library_management_react.controller.RentalControllerTest" time="0.001"/>
  <testcase name="testFindById" classname="com.lib.library_management_react.controller.RentalControllerTest" time="0.001"/>
  <testcase name="testFindByIdNotFound" classname="com.lib.library_management_react.controller.RentalControllerTest" time="0.003"/>
  <testcase name="testDeleteRental" classname="com.lib.library_management_react.controller.RentalControllerTest" time="0.007"/>
  <testcase name="testGetRentalDetails" classname="com.lib.library_management_react.controller.RentalControllerTest" time="0.004"/>
  <testcase name="testPostRentalSuccess" classname="com.lib.library_management_react.controller.RentalControllerTest" time="0.001"/>
  <testcase name="testDeleteRentalNotFound" classname="com.lib.library_management_react.controller.RentalControllerTest" time="0.001"/>
</testsuite>